<?xml version="1.0" encoding="UTF-8"?>
<testsuite xmlns:xsi="http://www.w3.org/2001/XMLSchema-instance" xsi:noNamespaceSchemaLocation="https://maven.apache.org/surefire/maven-surefire-plugin/xsd/surefire-test-report.xsd" name="com.kifiyapro.bunchi.BunchiApplicationTests" time="56.839" tests="7" errors="1" skipped="0" failures="2">
  <properties>
[...]
</properties>
  <testcase name="getListOfAdoptByweekTest" classname="com.kifiyapro.bunchi.BunchiApplicationTests" time="4.046">
    <failure message="&#10;Expecting actual:&#10;  0&#10;to be greater than:&#10;  0&#10;" type="java.lang.AssertionError">java.lang.AssertionError: 

Expecting actual:
  0
to be greater than:
  0

	at com.kifiyapro.bunchi.BunchiApplicationTests.getListOfAdoptByweekTest(BunchiApplicationTests.java:136)
</failure>
    <system-out><![CDATA[19:13:20.800 [main] DEBUG org.springframework.test.context.BootstrapUtils - Instantiating CacheAwareContextLoaderDelegate from class [org.springframework.test.context.cache.DefaultCacheAwareContextLoaderDelegate]
19:13:20.916 [main] DEBUG org.springframework.test.context.BootstrapUtils - Instantiating BootstrapContext using constructor [public org.springframework.test.context.support.DefaultBootstrapContext(java.lang.Class,org.springframework.test.context.CacheAwareContextLoaderDelegate)]
19:13:21.088 [main] DEBUG org.springframework.test.context.BootstrapUtils - Instantiating TestContextBootstrapper for test class [com.kifiyapro.bunchi.BunchiApplicationTests] from class [org.springframework.boot.test.context.SpringBootTestContextBootstrapper]
19:13:21.339 [main] INFO org.springframework.boot.test.context.SpringBootTestContextBootstrapper - Neither @ContextConfiguration nor @ContextHierarchy found for test class [com.kifiyapro.bunchi.BunchiApplicationTests], using SpringBootContextLoader
19:13:21.427 [main] DEBUG org.springframework.test.context.support.AbstractContextLoader - Did not detect default resource location for test class [com.kifiyapro.bunchi.BunchiApplicationTests]: class path resource [com/kifiyapro/bunchi/BunchiApplicationTests-context.xml] does not exist
19:13:21.428 [main] DEBUG org.springframework.test.context.support.AbstractContextLoader - Did not detect default resource location for test class [com.kifiyapro.bunchi.BunchiApplicationTests]: class path resource [com/kifiyapro/bunchi/BunchiApplicationTestsContext.groovy] does not exist
19:13:21.429 [main] INFO org.springframework.test.context.support.AbstractContextLoader - Could not detect default resource locations for test class [com.kifiyapro.bunchi.BunchiApplicationTests]: no resource found for suffixes {-context.xml, Context.groovy}.
19:13:21.431 [main] INFO org.springframework.test.context.support.AnnotationConfigContextLoaderUtils - Could not detect default configuration classes for test class [com.kifiyapro.bunchi.BunchiApplicationTests]: BunchiApplicationTests does not declare any static, non-private, non-final, nested classes annotated with @Configuration.
19:13:22.180 [main] DEBUG org.springframework.test.context.support.ActiveProfilesUtils - Could not find an 'annotation declaring class' for annotation type [org.springframework.test.context.ActiveProfiles] and class [com.kifiyapro.bunchi.BunchiApplicationTests]
19:13:22.550 [main] DEBUG org.springframework.context.annotation.ClassPathScanningCandidateComponentProvider - Identified candidate component class: file [C:\Users\kidus\Desktop\buchi\target\classes\com\kifiyapro\bunchi\BunchiApplication.class]
19:13:22.555 [main] INFO org.springframework.boot.test.context.SpringBootTestContextBootstrapper - Found @SpringBootConfiguration com.kifiyapro.bunchi.BunchiApplication for test class com.kifiyapro.bunchi.BunchiApplicationTests
19:13:22.984 [main] DEBUG org.springframework.boot.test.context.SpringBootTestContextBootstrapper - @TestExecutionListeners is not present for class [com.kifiyapro.bunchi.BunchiApplicationTests]: using defaults.
19:13:22.985 [main] INFO org.springframework.boot.test.context.SpringBootTestContextBootstrapper - Loaded default TestExecutionListener class names from location [META-INF/spring.factories]: [org.springframework.boot.test.mock.mockito.MockitoTestExecutionListener, org.springframework.boot.test.mock.mockito.ResetMocksTestExecutionListener, org.springframework.boot.test.autoconfigure.restdocs.RestDocsTestExecutionListener, org.springframework.boot.test.autoconfigure.web.client.MockRestServiceServerResetTestExecutionListener, org.springframework.boot.test.autoconfigure.web.servlet.MockMvcPrintOnlyOnFailureTestExecutionListener, org.springframework.boot.test.autoconfigure.web.servlet.WebDriverTestExecutionListener, org.springframework.boot.test.autoconfigure.webservices.client.MockWebServiceServerTestExecutionListener, org.springframework.test.context.web.ServletTestExecutionListener, org.springframework.test.context.support.DirtiesContextBeforeModesTestExecutionListener, org.springframework.test.context.event.ApplicationEventsTestExecutionListener, org.springframework.test.context.support.DependencyInjectionTestExecutionListener, org.springframework.test.context.support.DirtiesContextTestExecutionListener, org.springframework.test.context.transaction.TransactionalTestExecutionListener, org.springframework.test.context.jdbc.SqlScriptsTestExecutionListener, org.springframework.test.context.event.EventPublishingTestExecutionListener]
19:13:23.157 [main] INFO org.springframework.boot.test.context.SpringBootTestContextBootstrapper - Using TestExecutionListeners: [org.springframework.test.context.web.ServletTestExecutionListener@7bfdc1, org.springframework.test.context.support.DirtiesContextBeforeModesTestExecutionListener@76d6ee, org.springframework.test.context.event.ApplicationEventsTestExecutionListener@1687585, org.springframework.boot.test.mock.mockito.MockitoTestExecutionListener@7f5a7, org.springframework.boot.test.autoconfigure.SpringBootDependencyInjectionTestExecutionListener@1919693, org.springframework.test.context.support.DirtiesContextTestExecutionListener@1b4f2a9, org.springframework.test.context.transaction.TransactionalTestExecutionListener@1c27487, org.springframework.test.context.jdbc.SqlScriptsTestExecutionListener@4f1a55, org.springframework.test.context.event.EventPublishingTestExecutionListener@1fd3c81, org.springframework.boot.test.mock.mockito.ResetMocksTestExecutionListener@184b82d, org.springframework.boot.test.autoconfigure.restdocs.RestDocsTestExecutionListener@1bc8656, org.springframework.boot.test.autoconfigure.web.client.MockRestServiceServerResetTestExecutionListener@133b6c6, org.springframework.boot.test.autoconfigure.web.servlet.MockMvcPrintOnlyOnFailureTestExecutionListener@13e8655, org.springframework.boot.test.autoconfigure.web.servlet.WebDriverTestExecutionListener@1fb0c0f, org.springframework.boot.test.autoconfigure.webservices.client.MockWebServiceServerTestExecutionListener@6abbd0]
19:13:23.180 [main] DEBUG org.springframework.test.context.support.AbstractDirtiesContextTestExecutionListener - Before test class: context [DefaultTestContext@145825 testClass = BunchiApplicationTests, testInstance = [null], testMethod = [null], testException = [null], mergedContextConfiguration = [WebMergedContextConfiguration@1330d4f testClass = BunchiApplicationTests, locations = '{}', classes = '{class com.kifiyapro.bunchi.BunchiApplication}', contextInitializerClasses = '[]', activeProfiles = '{}', propertySourceLocations = '{}', propertySourceProperties = '{org.springframework.boot.test.context.SpringBootTestContextBootstrapper=true}', contextCustomizers = set[[ImportsContextCustomizer@166c0fb key = [springfox.documentation.swagger2.configuration.Swagger2DocumentationConfiguration, org.springframework.scheduling.annotation.SchedulingConfiguration]], org.springframework.boot.test.context.filter.ExcludeFilterContextCustomizer@8d971b, org.springframework.boot.test.json.DuplicateJsonObjectContextCustomizerFactory$DuplicateJsonObjectContextCustomizer@730b35, org.springframework.boot.test.mock.mockito.MockitoContextCustomizer@0, org.springframework.boot.test.web.client.TestRestTemplateContextCustomizer@14948e4, org.springframework.boot.test.autoconfigure.actuate.metrics.MetricsExportContextCustomizerFactory$DisableMetricExportContextCustomizer@19982de, org.springframework.boot.test.autoconfigure.properties.PropertyMappingContextCustomizer@0, org.springframework.boot.test.autoconfigure.web.servlet.WebDriverContextCustomizerFactory$Customizer@1de0b3c, org.springframework.boot.test.context.SpringBootTestArgs@1, org.springframework.boot.test.context.SpringBootTestWebEnvironment@1c20538], resourceBasePath = 'src/main/webapp', contextLoader = 'org.springframework.boot.test.context.SpringBootContextLoader', parent = [null]], attributes = map['org.springframework.test.context.web.ServletTestExecutionListener.activateListener' -> true]], class annotated with @DirtiesContext [false] with mode [null].
19:13:23.420 [main] DEBUG org.springframework.boot.ApplicationServletEnvironment - Activating profiles []
19:13:23.429 [main] DEBUG org.springframework.test.context.support.TestPropertySourceUtils - Adding inlined properties to environment: {spring.jmx.enabled=false, org.springframework.boot.test.context.SpringBootTestContextBootstrapper=true}

  .   ____          _            __ _ _
 /\\ / ___'_ __ _ _(_)_ __  __ _ \ \ \ \
( ( )\___ | '_ | '_| | '_ \/ _` | \ \ \ \
 \\/  ___)| |_)| | | | | || (_| |  ) ) ) )
  '  |____| .__|_| |_|_| |_\__, | / / / /
 =========|_|==============|___/=/_/_/_/
 :: Spring Boot ::                (v2.6.0)

2022-04-26 19:13:25.287  INFO 16660 --- [           main] c.k.bunchi.BunchiApplicationTests        : Starting BunchiApplicationTests using Java 1.8.0_291 on DESKTOP-8RG51UJ with PID 16660 (started by kidus in C:\Users\kidus\Desktop\buchi)
2022-04-26 19:13:25.289  INFO 16660 --- [           main] c.k.bunchi.BunchiApplicationTests        : No active profile set, falling back to default profiles: default
2022-04-26 19:13:29.179  INFO 16660 --- [           main] .s.d.r.c.RepositoryConfigurationDelegate : Bootstrapping Spring Data JPA repositories in DEFAULT mode.
2022-04-26 19:13:29.423  INFO 16660 --- [           main] .s.d.r.c.RepositoryConfigurationDelegate : Finished Spring Data repository scanning in 192 ms. Found 4 JPA repository interfaces.
2022-04-26 19:13:32.302  INFO 16660 --- [           main] o.hibernate.jpa.internal.util.LogHelper  : HHH000204: Processing PersistenceUnitInfo [name: default]
2022-04-26 19:13:32.630  INFO 16660 --- [           main] org.hibernate.Version                    : HHH000412: Hibernate ORM core version 5.6.3.Final
2022-04-26 19:13:33.500  INFO 16660 --- [           main] o.hibernate.annotations.common.Version   : HCANN000001: Hibernate Commons Annotations {5.1.2.Final}
2022-04-26 19:13:36.216  INFO 16660 --- [           main] com.zaxxer.hikari.HikariDataSource       : HikariPool-1 - Starting...
2022-04-26 19:13:41.987  INFO 16660 --- [           main] com.zaxxer.hikari.HikariDataSource       : HikariPool-1 - Start completed.
2022-04-26 19:13:42.157  INFO 16660 --- [           main] org.hibernate.dialect.Dialect            : HHH000400: Using dialect: org.hibernate.dialect.PostgreSQLDialect
2022-04-26 19:13:50.716  INFO 16660 --- [           main] o.h.e.t.j.p.i.JtaPlatformInitiator       : HHH000490: Using JtaPlatform implementation: [org.hibernate.engine.transaction.jta.platform.internal.NoJtaPlatform]
2022-04-26 19:13:50.902  INFO 16660 --- [           main] j.LocalContainerEntityManagerFactoryBean : Initialized JPA EntityManagerFactory for persistence unit 'default'
2022-04-26 19:13:52.365  WARN 16660 --- [           main] JpaBaseConfiguration$JpaWebConfiguration : spring.jpa.open-in-view is enabled by default. Therefore, database queries may be performed during view rendering. Explicitly configure spring.jpa.open-in-view to disable this warning
2022-04-26 19:13:57.757  WARN 16660 --- [           main] ion$DefaultTemplateResolverConfiguration : Cannot find template location: classpath:/templates/ (please add some templates or check your Thymeleaf configuration)
2022-04-26 19:13:59.325  INFO 16660 --- [           main] c.k.bunchi.BunchiApplicationTests        : Started BunchiApplicationTests in 35.893 seconds (JVM running for 42.537)
]]></system-out>
  </testcase>
  <testcase name="saveCustomerTest" classname="com.kifiyapro.bunchi.BunchiApplicationTests" time="4.041"/>
  <testcase name="saveAdoptTest" classname="com.kifiyapro.bunchi.BunchiApplicationTests" time="4.986">
    <error message="Index: 0, Size: 0" type="java.lang.IndexOutOfBoundsException">java.lang.IndexOutOfBoundsException: Index: 0, Size: 0
	at com.kifiyapro.bunchi.BunchiApplicationTests.saveAdoptTest(BunchiApplicationTests.java:104)
</error>
  </testcase>
  <testcase name="savePetTest" classname="com.kifiyapro.bunchi.BunchiApplicationTests" time="2.175"/>
  <testcase name="contextLoads" classname="com.kifiyapro.bunchi.BunchiApplicationTests" time="0.008"/>
  <testcase name="getListOfAdoptTest" classname="com.kifiyapro.bunchi.BunchiApplicationTests" time="0.468">
    <failure message="&#10;Expecting actual:&#10;  0&#10;to be greater than:&#10;  0&#10;" type="java.lang.AssertionError">java.lang.AssertionError: 

Expecting actual:
  0
to be greater than:
  0

	at com.kifiyapro.bunchi.BunchiApplicationTests.getListOfAdoptTest(BunchiApplicationTests.java:125)
</failure>
  </testcase>
  <testcase name="getListOfPetTest" classname="com.kifiyapro.bunchi.BunchiApplicationTests" time="0.403"/>
</testsuite>